# JRE version: Java(TM) SE Runtime Environment (17.0.8+9) (build 17.0.8+9-LTS-211)
# Java VM: Java HotSpot(TM) 64-Bit Server VM (17.0.8+9-LTS-211, mixed mode, sharing, tiered, compressed oops, compressed class ptrs, g1 gc, windows-amd64)
GC Precious Log:
 CPUs: 4 total, 4 available
 Memory: 16328M
 Large Page Support: Disabled
 NUMA Support: Disabled
 Compressed Oops: Enabled (Zero based)
 Heap Region Size: 2M
 Heap Min Capacity: 8M
 Heap Initial Capacity: 256M
 Heap Max Capacity: 4084M
 Pre-touch: Disabled
 Parallel Workers: 4
 Concurrent Workers: 1
 Concurrent Refinement Workers: 4
 Periodic GC: Disabled
Heap:
 garbage-first heap   total 81920K, used 37611K [0x0000000700c00000, 0x0000000800000000)
  region size 2048K, 9 young (18432K), 2 survivors (4096K)
 Metaspace       used 52448K, committed 52992K, reserved 1114112K
  class space    used 7054K, committed 7296K, reserved 1048576K
GC Heap History (20 events):
Event: 1.330 GC heap before
{Heap before GC invocations=1 (full 0):
 garbage-first heap   total 262144K, used 16292K [0x0000000700c00000, 0x0000000800000000)
  region size 2048K, 6 young (12288K), 1 survivors (2048K)
 Metaspace       used 5323K, committed 5440K, reserved 1114112K
  class space    used 604K, committed 640K, reserved 1048576K
}
Event: 1.336 GC heap after
{Heap after GC invocations=2 (full 0):
 garbage-first heap   total 262144K, used 7211K [0x0000000700c00000, 0x0000000800000000)
  region size 2048K, 1 young (2048K), 1 survivors (2048K)
 Metaspace       used 5323K, committed 5440K, reserved 1114112K
  class space    used 604K, committed 640K, reserved 1048576K
}
Event: 2.053 GC heap before
{Heap before GC invocations=2 (full 0):
 garbage-first heap   total 262144K, used 25643K [0x0000000700c00000, 0x0000000800000000)
  region size 2048K, 11 young (22528K), 1 survivors (2048K)
 Metaspace       used 10245K, committed 10560K, reserved 1114112K
  class space    used 1263K, committed 1408K, reserved 1048576K
}
Event: 2.057 GC heap after
{Heap after GC invocations=3 (full 0):
 garbage-first heap   total 262144K, used 8616K [0x0000000700c00000, 0x0000000800000000)
  region size 2048K, 2 young (4096K), 2 survivors (4096K)
 Metaspace       used 10245K, committed 10560K, reserved 1114112K
  class space    used 1263K, committed 1408K, reserved 1048576K
}
Event: 4.130 GC heap before
{Heap before GC invocations=3 (full 0):
 garbage-first heap   total 262144K, used 74152K [0x0000000700c00000, 0x0000000800000000)
  region size 2048K, 35 young (71680K), 2 survivors (4096K)
 Metaspace       used 21230K, committed 21504K, reserved 1114112K
  class space    used 2710K, committed 2880K, reserved 1048576K
}
Event: 4.143 GC heap after
{Heap after GC invocations=4 (full 0):
 garbage-first heap   total 262144K, used 13034K [0x0000000700c00000, 0x0000000800000000)
  region size 2048K, 4 young (8192K), 4 survivors (8192K)
 Metaspace       used 21230K, committed 21504K, reserved 1114112K
  class space    used 2710K, committed 2880K, reserved 1048576K
}
Event: 5.297 GC heap before
{Heap before GC invocations=5 (full 0):
 garbage-first heap   total 55296K, used 39658K [0x0000000700c00000, 0x0000000800000000)
  region size 2048K, 18 young (36864K), 4 survivors (8192K)
 Metaspace       used 25764K, committed 26176K, reserved 1114112K
  class space    used 3321K, committed 3520K, reserved 1048576K
}
Event: 5.312 GC heap after
{Heap after GC invocations=6 (full 0):
 garbage-first heap   total 55296K, used 15733K [0x0000000700c00000, 0x0000000800000000)
  region size 2048K, 5 young (10240K), 5 survivors (10240K)
 Metaspace       used 25764K, committed 26176K, reserved 1114112K
  class space    used 3321K, committed 3520K, reserved 1048576K
}
Event: 5.950 GC heap before
{Heap before GC invocations=6 (full 0):
 garbage-first heap   total 55296K, used 36213K [0x0000000700c00000, 0x0000000800000000)
  region size 2048K, 15 young (30720K), 5 survivors (10240K)
 Metaspace       used 30837K, committed 31232K, reserved 1114112K
  class space    used 4041K, committed 4224K, reserved 1048576K
}
Event: 5.974 GC heap after
{Heap after GC invocations=7 (full 0):
 garbage-first heap   total 55296K, used 17188K [0x0000000700c00000, 0x0000000800000000)
  region size 2048K, 1 young (2048K), 1 survivors (2048K)
 Metaspace       used 30837K, committed 31232K, reserved 1114112K
  class space    used 4041K, committed 4224K, reserved 1048576K
}
Event: 6.622 GC heap before
{Heap before GC invocations=7 (full 0):
 garbage-first heap   total 55296K, used 37668K [0x0000000700c00000, 0x0000000800000000)
  region size 2048K, 11 young (22528K), 1 survivors (2048K)
 Metaspace       used 35413K, committed 35840K, reserved 1114112K
  class space    used 4529K, committed 4736K, reserved 1048576K
}
Event: 6.630 GC heap after
{Heap after GC invocations=8 (full 0):
 garbage-first heap   total 55296K, used 18751K [0x0000000700c00000, 0x0000000800000000)
  region size 2048K, 2 young (4096K), 2 survivors (4096K)
 Metaspace       used 35413K, committed 35840K, reserved 1114112K
  class space    used 4529K, committed 4736K, reserved 1048576K
}
Event: 6.652 GC heap before
{Heap before GC invocations=8 (full 0):
 garbage-first heap   total 55296K, used 18751K [0x0000000700c00000, 0x0000000800000000)
  region size 2048K, 3 young (6144K), 2 survivors (4096K)
 Metaspace       used 35605K, committed 35968K, reserved 1114112K
  class space    used 4562K, committed 4736K, reserved 1048576K
}
Event: 6.659 GC heap after
{Heap after GC invocations=9 (full 0):
 garbage-first heap   total 159744K, used 18472K [0x0000000700c00000, 0x0000000800000000)
  region size 2048K, 1 young (2048K), 1 survivors (2048K)
 Metaspace       used 35605K, committed 35968K, reserved 1114112K
  class space    used 4562K, committed 4736K, reserved 1048576K
}
Event: 8.126 GC heap before
{Heap before GC invocations=10 (full 0):
 garbage-first heap   total 81920K, used 65576K [0x0000000700c00000, 0x0000000800000000)
  region size 2048K, 24 young (49152K), 1 survivors (2048K)
 Metaspace       used 42372K, committed 42816K, reserved 1114112K
  class space    used 5555K, committed 5760K, reserved 1048576K
}
Event: 8.140 GC heap after
{Heap after GC invocations=11 (full 0):
 garbage-first heap   total 81920K, used 22369K [0x0000000700c00000, 0x0000000800000000)
  region size 2048K, 3 young (6144K), 3 survivors (6144K)
 Metaspace       used 42372K, committed 42816K, reserved 1114112K
  class space    used 5555K, committed 5760K, reserved 1048576K
}
Event: 8.223 GC heap before
{Heap before GC invocations=11 (full 0):
 garbage-first heap   total 81920K, used 24417K [0x0000000700c00000, 0x0000000800000000)
  region size 2048K, 4 young (8192K), 3 survivors (6144K)
 Metaspace       used 42741K, committed 43136K, reserved 1114112K
  class space    used 5603K, committed 5760K, reserved 1048576K
}
Event: 8.237 GC heap after
{Heap after GC invocations=12 (full 0):
 garbage-first heap   total 81920K, used 22917K [0x0000000700c00000, 0x0000000800000000)
  region size 2048K, 1 young (2048K), 1 survivors (2048K)
 Metaspace       used 42741K, committed 43136K, reserved 1114112K
  class space    used 5603K, committed 5760K, reserved 1048576K
}
Event: 52.100 GC heap before
{Heap before GC invocations=12 (full 0):
 garbage-first heap   total 81920K, used 61829K [0x0000000700c00000, 0x0000000800000000)
  region size 2048K, 20 young (40960K), 1 survivors (2048K)
 Metaspace       used 50305K, committed 50816K, reserved 1114112K
  class space    used 6701K, committed 6912K, reserved 1048576K
}
Event: 52.107 GC heap after
{Heap after GC invocations=13 (full 0):
 garbage-first heap   total 81920K, used 25323K [0x0000000700c00000, 0x0000000800000000)
  region size 2048K, 2 young (4096K), 2 survivors (4096K)
 Metaspace       used 50305K, committed 50816K, reserved 1114112K
  class space    used 6701K, committed 6912K, reserved 1048576K
}

